<?xml version="1.0" encoding="UTF-8"?>
<testng-results ignored="0" total="1" passed="1" failed="0" skipped="0">
  <reporter-output>
  </reporter-output>
  <suite started-at="2023-01-15T03:40:31 ICT" name="Surefire suite" finished-at="2023-01-15T03:40:47 ICT" duration-ms="15880">
    <groups>
    </groups>
    <test started-at="2023-01-15T03:40:31 ICT" name="Surefire test" finished-at="2023-01-15T03:40:47 ICT" duration-ms="15880">
      <class name="com.amity.app.tests.EmployeeSearchTest">
        <test-method is-config="true" signature="setUp()[pri:0, instance:com.amity.app.tests.EmployeeSearchTest@2aa3cd93]" started-at="2023-01-15T03:40:31 ICT" name="setUp" finished-at="2023-01-15T03:40:38 ICT" duration-ms="6858" status="PASS">
          <reporter-output>
          </reporter-output>
        </test-method> <!-- setUp -->
        <test-method signature="testEmployeeSearch()[pri:0, instance:com.amity.app.tests.EmployeeSearchTest@2aa3cd93]" started-at="2023-01-15T03:40:38 ICT" name="testEmployeeSearch" finished-at="2023-01-15T03:40:47 ICT" duration-ms="8726" status="PASS">
          <reporter-output>
          </reporter-output>
        </test-method> <!-- testEmployeeSearch -->
        <test-method is-config="true" signature="tearDown()[pri:0, instance:com.amity.app.tests.EmployeeSearchTest@2aa3cd93]" started-at="2023-01-15T03:40:47 ICT" name="tearDown" finished-at="2023-01-15T03:40:47 ICT" duration-ms="229" status="PASS">
          <reporter-output>
          </reporter-output>
        </test-method> <!-- tearDown -->
      </class> <!-- com.amity.app.tests.EmployeeSearchTest -->
    </test> <!-- Surefire test -->
  </suite> <!-- Surefire suite -->
</testng-results>
